
> temp_app@0.1.0 build
> next build

▲ Next.js 16.1.1 (Turbopack)
- Environments: .env.local

⚠ The "middleware" file convention is deprecated. Please use "proxy" instead. Learn more: https://nextjs.org/docs/messages/middleware-to-proxy
  Creating an optimized production build ...
Error: Cannot apply unknown utility class `border-border`. Are you using CSS modules or similar and missing `@reference`? https://tailwindcss.com/docs/functions-and-directives#reference-directive
    [2m[at onInvalidCandidate (/Users/arifur/Desktop/canadax/nextjsplaygrounxriff/node_modules/tailwindcss/dist/lib.js:21:1314)][0m
    [2m[at Te (/Users/arifur/Desktop/canadax/nextjsplaygrounxriff/node_modules/tailwindcss/dist/lib.js:16:36652)][0m
    [2m[at /Users/arifur/Desktop/canadax/nextjsplaygrounxriff/node_modules/tailwindcss/dist/lib.js:21:355][0m
    [2m[at Rr (/Users/arifur/Desktop/canadax/nextjsplaygrounxriff/node_modules/tailwindcss/dist/lib.js:3:1718)][0m
    [2m[at _ (/Users/arifur/Desktop/canadax/nextjsplaygrounxriff/node_modules/tailwindcss/dist/lib.js:3:1377)][0m
    [2m[at $e (/Users/arifur/Desktop/canadax/nextjsplaygrounxriff/node_modules/tailwindcss/dist/lib.js:21:172)][0m
    [2m[at un (/Users/arifur/Desktop/canadax/nextjsplaygrounxriff/node_modules/tailwindcss/dist/lib.js:38:294)][0m
    [2m[at process.processTicksAndRejections (node:internal/process/task_queues:105:5)][0m
    [2m[at async cn (/Users/arifur/Desktop/canadax/nextjsplaygrounxriff/node_modules/tailwindcss/dist/lib.js:38:631)][0m
    [2m[at async Xr (/Users/arifur/Desktop/canadax/nextjsplaygrounxriff/node_modules/@tailwindcss/node/dist/index.js:10:3417)][0m

> Build error occurred
Error: Turbopack build failed with 1 errors:
./app/rooms/pgx-pg8/competition.css
Error evaluating Node.js code
CssSyntaxError: tailwindcss: /Users/arifur/Desktop/canadax/nextjsplaygrounxriff/app/rooms/pgx-pg8/competition.css:1:1: Cannot apply unknown utility class `border-border`. Are you using CSS modules or similar and missing `@reference`? https://tailwindcss.com/docs/functions-and-directives#reference-directive
    at Input.error (node_modules/postcss/lib/input.js:135:16) [/Users/arifur/Desktop/canadax/nextjsplaygrounxriff/.next/build/chunks/node_modules_fe693df6._.js:4651:22]
    at Root.error (node_modules/postcss/lib/node.js:146:32) [/Users/arifur/Desktop/canadax/nextjsplaygrounxriff/.next/build/chunks/node_modules_fe693df6._.js:928:38]
    [at Object.Once (/Users/arifur/Desktop/canadax/nextjsplaygrounxriff/node_modules/@tailwindcss/postcss/dist/index.js:10:6911)]
    [at process.processTicksAndRejections (node:internal/process/task_queues:105:5)]
    at async LazyResult.runAsync (node_modules/postcss/lib/lazy-result.js:293:11) [/Users/arifur/Desktop/canadax/nextjsplaygrounxriff/.next/build/chunks/node_modules_fe693df6._.js:6206:21]
    at async transform (turbopack:///[turbopack-node]/transforms/postcss.ts:70:34) [/Users/arifur/Desktop/canadax/nextjsplaygrounxriff/.next/build/chunks/[root-of-the-server]__51225daf._.js:146:36]
    at async run (turbopack:///[turbopack-node]/ipc/evaluate.ts:92:23) [/Users/arifur/Desktop/canadax/nextjsplaygrounxriff/.next/build/chunks/[root-of-the-server]__974941ed._.js:443:31]

Import trace:
  Client Component Browser:
    ./app/rooms/pgx-pg8/competition.css [Client Component Browser]
    ./app/rooms/pgx-pg8/page.tsx [Client Component Browser]
    ./app/rooms/pgx-pg8/page.tsx [Server Component]


    at async transform (turbopack:///[turbopack-node]/transforms/postcss.ts:70:34) [/Users/arifur/Desktop/canadax/nextjsplaygrounxriff/.next/build/chunks/[root-of-the-server]__51225daf._.js:146:36])
    at async run (turbopack:///[turbopack-node]/ipc/evaluate.ts:92:23) [/Users/arifur/Desktop/canadax/nextjsplaygrounxriff/.next/build/chunks/[root-of-the-server]__974941ed._.js:443:31])
